<?xml version="1.0" encoding="UTF-8"?>
<testng-results skipped="0" failed="0" ignored="0" total="2" passed="2">
  <reporter-output>
  </reporter-output>
  <suite name="Default suite" duration-ms="25704" started-at="2021-07-17T13:37:41Z" finished-at="2021-07-17T13:38:07Z">
    <groups>
    </groups>
    <test name="Default test" duration-ms="25704" started-at="2021-07-17T13:37:41Z" finished-at="2021-07-17T13:38:07Z">
      <class name="keyDrivenFrameWork.TestCase.LoginTest_001">
        <test-method status="PASS" signature="LoginTest()[pri:1, instance:keyDrivenFrameWork.TestCase.LoginTest_001@6a41eaa2]" name="LoginTest" duration-ms="12040" started-at="2021-07-17T13:37:41Z" finished-at="2021-07-17T13:37:54Z">
          <reporter-output>
          </reporter-output>
        </test-method> <!-- LoginTest -->
        <test-method status="PASS" signature="addAccountTest()[pri:2, instance:keyDrivenFrameWork.TestCase.LoginTest_001@6a41eaa2]" name="addAccountTest" duration-ms="13648" started-at="2021-07-17T13:37:54Z" finished-at="2021-07-17T13:38:07Z">
          <reporter-output>
          </reporter-output>
        </test-method> <!-- addAccountTest -->
      </class> <!-- keyDrivenFrameWork.TestCase.LoginTest_001 -->
    </test> <!-- Default test -->
  </suite> <!-- Default suite -->
</testng-results>
